  main.cpp
C:\Users\Bhushan\Desktop\openGL\OpenGL\Opengl\main.cpp(12,20): warning C4244: 'initializing': conversion from 'float' to 'int', possible loss of data
C:\Users\Bhushan\Desktop\openGL\OpenGL\Opengl\main.cpp(24,40): warning C4244: '=': conversion from 'float' to 'int', possible loss of data
C:\Users\Bhushan\Desktop\openGL\OpenGL\Opengl\main.cpp(38,14): warning C4244: 'initializing': conversion from 'double' to 'float', possible loss of data
C:\Users\Bhushan\Desktop\openGL\OpenGL\Opengl\main.cpp(39,14): warning C4244: 'initializing': conversion from 'double' to 'float', possible loss of data
C:\Users\Bhushan\Desktop\openGL\OpenGL\Opengl\main.cpp(40,18): warning C4244: 'initializing': conversion from 'double' to 'float', possible loss of data
C:\Users\Bhushan\Desktop\openGL\OpenGL\Opengl\main.cpp(149,36): warning C4244: 'argument': conversion from 'int' to 'float', possible loss of data
C:\Users\Bhushan\Desktop\openGL\OpenGL\Opengl\main.cpp(150,53): warning C4244: 'argument': conversion from 'int' to 'float', possible loss of data
C:\Users\Bhushan\Desktop\openGL\OpenGL\Opengl\main.cpp(150,37): warning C4244: 'argument': conversion from 'int' to 'float', possible loss of data
C:\Users\Bhushan\Desktop\openGL\OpenGL\Opengl\main.cpp(158,16): warning C4244: 'initializing': conversion from 'float' to 'int', possible loss of data
C:\Users\Bhushan\Desktop\openGL\OpenGL\Opengl\main.cpp(174,28): warning C4244: 'initializing': conversion from 'double' to 'float', possible loss of data
C:\Users\Bhushan\Desktop\openGL\OpenGL\Opengl\main.cpp(241,48): warning C4244: 'argument': conversion from 'int' to 'float', possible loss of data
C:\Users\Bhushan\Desktop\openGL\OpenGL\Opengl\main.cpp(242,65): warning C4244: 'argument': conversion from 'int' to 'float', possible loss of data
C:\Users\Bhushan\Desktop\openGL\OpenGL\Opengl\main.cpp(242,49): warning C4244: 'argument': conversion from 'int' to 'float', possible loss of data
LINK : warning LNK4098: defaultlib 'MSVCRTD' conflicts with use of other libs; use /NODEFAULTLIB:library
  Generating code
  1 of 2086 functions (<0.1%) were compiled, the rest were copied from previous compilation.
    0 functions were new in current compilation
    28 functions had inline decision re-evaluated but remain unchanged
  Finished generating code
glfw3.lib(input.obj) : warning LNK4099: PDB '' was not found with 'glfw3.lib(input.obj)' or at ''; linking object as if no debug info
glfw3.lib(window.obj) : warning LNK4099: PDB '' was not found with 'glfw3.lib(window.obj)' or at ''; linking object as if no debug info
glfw3.lib(win32_window.obj) : warning LNK4099: PDB '' was not found with 'glfw3.lib(win32_window.obj)' or at ''; linking object as if no debug info
glfw3.lib(context.obj) : warning LNK4099: PDB '' was not found with 'glfw3.lib(context.obj)' or at ''; linking object as if no debug info
glfw3.lib(init.obj) : warning LNK4099: PDB '' was not found with 'glfw3.lib(init.obj)' or at ''; linking object as if no debug info
glfw3.lib(win32_joystick.obj) : warning LNK4099: PDB '' was not found with 'glfw3.lib(win32_joystick.obj)' or at ''; linking object as if no debug info
glfw3.lib(win32_time.obj) : warning LNK4099: PDB '' was not found with 'glfw3.lib(win32_time.obj)' or at ''; linking object as if no debug info
glfw3.lib(win32_thread.obj) : warning LNK4099: PDB '' was not found with 'glfw3.lib(win32_thread.obj)' or at ''; linking object as if no debug info
glfw3.lib(wgl_context.obj) : warning LNK4099: PDB '' was not found with 'glfw3.lib(wgl_context.obj)' or at ''; linking object as if no debug info
glfw3.lib(egl_context.obj) : warning LNK4099: PDB '' was not found with 'glfw3.lib(egl_context.obj)' or at ''; linking object as if no debug info
glfw3.lib(osmesa_context.obj) : warning LNK4099: PDB '' was not found with 'glfw3.lib(osmesa_context.obj)' or at ''; linking object as if no debug info
glfw3.lib(win32_init.obj) : warning LNK4099: PDB '' was not found with 'glfw3.lib(win32_init.obj)' or at ''; linking object as if no debug info
glfw3.lib(win32_monitor.obj) : warning LNK4099: PDB '' was not found with 'glfw3.lib(win32_monitor.obj)' or at ''; linking object as if no debug info
glfw3.lib(monitor.obj) : warning LNK4099: PDB '' was not found with 'glfw3.lib(monitor.obj)' or at ''; linking object as if no debug info
glfw3.lib(vulkan.obj) : warning LNK4099: PDB '' was not found with 'glfw3.lib(vulkan.obj)' or at ''; linking object as if no debug info
  Opengl.vcxproj -> C:\Users\Bhushan\Desktop\openGL\OpenGL\x64\Release\Opengl.exe
